p/outer+300f+000d.jpg 1 0 0 134 106
p/outer+290f+000d.jpg 1 0 0 112 77
p/outer+280f+000d.jpg 1 0 0 108 96
p/outer+270f+000d.jpg 1 0 0 129 142
p/outer+260f+000d.jpg 1 0 0 117 142
p/outer+250f+000d.jpg 1 0 0 124 138
p/outer+240f+000d.jpg 1 0 0 137 124
p/outer+23d+some.jpg 1 0 0 116 107
p/outer+23d+more.jpg 1 0 0 113 103
p/outer+23d+base.jpg 1 0 0 110 96
p/outer+230f+000d.jpg 1 0 0 130 135
p/outer+220f+000d.jpg 1 0 0 170 165
p/outer+210f+000d.jpg 1 0 0 149 136
p/outer+200f+000d.jpg 1 0 0 158 165
p/outer+190f+000d.jpg 1 0 0 134 140
p/outer+180f+000d.jpg 1 0 0 172 146
p/outer+170f+000d.jpg 1 0 0 142 183
p/outer+160f+000d.jpg 1 0 0 164 132
p/outer+150f+000d.jpg 1 0 0 157 144
p/outer+140f+000d.jpg 1 0 0 178 210
p/outer+130f+000d.jpg 1 0 0 176 161
p/outer+120f+000d.jpg 1 0 0 187 173
p/outer+110f+000d.jpg 1 0 0 213 207
p/outer+10d+some.jpg 1 0 0 223 176
p/outer+10d+more.jpg 1 0 0 214 178
p/outer+10d+base.jpg 1 0 0 218 201
p/outer+100f+000d.jpg 1 0 0 263 281
p/outer+090f+000d.jpg 1 0 0 238 227
p/outer+080f+000d.jpg 1 0 0 303 199
p/outer+070f+000d.jpg 1 0 0 284 160
p/BlueGoal-Far-ProtectedZone.jpg 1 0 0 94 86
p/BlueGoal-330in-ProtectedZone.jpg 1 0 0 125 113
p/BlueGoal-228in-ProtectedZone.jpg 1 0 0 147 139
p/BlueGoal-224in-Center.jpg 1 0 0 137 124
p/BlueGoal-180in-Center.jpg 1 0 0 169 181
p/BlueGoal-156in-Left.jpg 1 0 0 178 179
p/BlueGoal-156in-Center.jpg 1 0 0 213 182
p/BlueGoal-132in-Center.jpg 1 0 0 250 180
p/BlueGoal-108in-Center.jpg 1 0 0 276 220
p/BlueGoal-084in-Center.jpg 1 0 0 300 225
p/BlueGoal-060in-Center.jpg 1 0 0 346 218
p/20211017_154138.jpg 1 0 0 398 401
p/20211017_154137.jpg 1 0 0 445 524
p/20211017_154136.jpg 1 0 0 523 621
p/20211017_154135.jpg 1 0 0 447 448
p/20211017_154134.jpg 1 0 0 382 431
p/20211017_154134(0).jpg 1 0 0 427 413
p/20211017_154133.jpg 1 0 0 474 556
p/20211017_154132.jpg 1 0 0 473 515
p/20211017_154131.jpg 1 0 0 460 524
p/20211017_154130.jpg 1 0 0 464 516
p/20211017_154129.jpg 1 0 0 458 557
p/20211017_154129(0).jpg 1 0 0 435 559
p/20211017_154128.jpg 1 0 0 503 595
p/20211017_154128(0).jpg 1 0 0 423 527
p/20211017_154127.jpg 1 0 0 492 470
p/20211017_154126.jpg 1 0 0 538 571
p/20211017_154125.jpg 1 0 0 482 524
p/20211017_154124.jpg 1 0 0 522 562
p/20211017_154123.jpg 1 0 0 596 578
p/20211017_154122.jpg 1 0 0 484 566
p/20211017_154121.jpg 1 0 0 568 586
p/20211017_154120.jpg 1 0 0 528 536
p/20211017_154118.jpg 1 0 0 456 561
p/20211017_154117.jpg 1 0 0 594 613
p/20211017_154116.jpg 1 0 0 498 490
p/20211017_154115.jpg 1 0 0 548 631
p/20211017_154107.jpg 1 0 0 511 786
p/20211017_154107(0).jpg 1 0 0 557 579
p/20211017_154105.jpg 1 0 0 566 588
p/20211017_154105(0).jpg 1 0 0 628 686
p/20211017_154014.jpg 1 0 0 583 759
p/20211017_154013.jpg 1 0 0 623 685
p/20211017_154012.jpg 1 0 0 690 781
p/20211017_154008.jpg 1 0 0 741 733
p/20211017_154006.jpg 1 0 0 547 608
p/20211017_154003.jpg 1 0 0 531 579
p/20211017_154003(0).jpg 1 0 0 569 584
p/20211017_154002.jpg 1 0 0 606 681
p/20211017_154001.jpg 1 0 0 543 613
p/20211017_154001(0).jpg 1 0 0 565 615
p/20211017_154000.jpg 1 0 0 590 559
p/20211017_153959.jpg 1 0 0 548 573
p/20211017_153958.jpg 1 0 0 548 624
p/20211017_153957.jpg 1 0 0 559 583
p/20211017_153937.jpg 1 0 0 572 577
p/20211017_153857.jpg 1 0 0 550 688
p/20211017_153856.jpg 1 0 0 530 746
p/20211017_153855.jpg 1 0 0 563 610
p/20211017_153853.jpg 1 0 0 543 668
p/20211017_153852.jpg 1 0 0 568 565
p/20211017_153850.jpg 1 0 0 584 643
p/20211017_153850(0).jpg 1 0 0 527 682
p/20211017_153849.jpg 1 0 0 584 454
p/20211017_153847.jpg 1 0 0 568 693
p/20211017_153846.jpg 1 0 0 548 664
p/20211017_153846(0).jpg 1 0 0 551 674
p/20211017_153843.jpg 1 0 0 526 607
p/20211017_153843(0).jpg 1 0 0 535 658
p/20211017_153842.jpg 1 0 0 572 679
p/20211017_153841.jpg 1 0 0 560 551
p/20211017_153841(0).jpg 1 0 0 509 627
p/20211017_153840.jpg 1 0 0 521 518
p/20211017_153839.jpg 1 0 0 530 582
p/20211017_153838.jpg 1 0 0 467 531
p/20211017_153819.jpg 1 0 0 640 608
p/20211017_153817.jpg 1 0 0 662 663
p/20211017_153815.jpg 1 0 0 557 705
p/20211017_153814.jpg 1 0 0 605 637
p/20211017_153813.jpg 1 0 0 567 621
p/20211017_153756.jpg 1 0 0 479 528
p/20211017_153755.jpg 1 0 0 520 508
p/20211017_153754.jpg 1 0 0 498 494
p/20211017_153754(1).jpg 1 0 0 509 587
p/20211017_153754(0).jpg 1 0 0 517 496
p/20211017_153753.jpg 1 0 0 503 503
p/20211017_153746.jpg 1 0 0 531 522
p/20211017_153742.jpg 1 0 0 579 551
p/20211017_153741.jpg 1 0 0 563 614
p/20211017_153740.jpg 1 0 0 557 757
p/20211017_153740(0).jpg 1 0 0 601 636
p/20211017_153739.jpg 1 0 0 651 781
p/20211017_153738.jpg 1 0 0 606 795
p/20211017_153737.jpg 1 0 0 645 751
p/20211017_153737(0).jpg 1 0 0 649 823
p/20211017_153736.jpg 1 0 0 589 699
p/20211017_153735.jpg 1 0 0 603 777
p/20211017_153734.jpg 1 0 0 679 893
p/20211017_153733.jpg 1 0 0 637 721
p/20211017_153733(0).jpg 1 0 0 811 845
p/20211017_153732.jpg 1 0 0 739 824
p/20211017_153731.jpg 1 0 0 716 719
p/20211017_153730.jpg 1 0 0 736 743
p/20211017_153729.jpg 1 0 0 821 744
p/20211017_153729(0).jpg 1 0 0 747 800
p/20211017_153727.jpg 1 0 0 738 593
p/20211017_153726.jpg 1 0 0 693 704
p/20211017_153725.jpg 1 0 0 729 853
p/20211017_153717.jpg 1 0 0 858 910
p/20211017_153717(0).jpg 1 0 0 856 808
p/20211017_153715.jpg 1 0 0 709 846
p/20211017_153715(0).jpg 1 0 0 722 763
p/20211017_153714.jpg 1 0 0 766 966
p/20211017_153713.jpg 1 0 0 728 983
p/20211017_153712.jpg 1 0 0 751 800
p/20211017_153712(0).jpg 1 0 0 749 862
p/20211017_153711.jpg 1 0 0 692 664
p/20211017_153656.jpg 1 0 0 711 668
p/20211017_153656(0).jpg 1 0 0 630 767
p/20211017_153654.jpg 1 0 0 665 732
p/20211017_153653.jpg 1 0 0 678 827
p/20211017_153653(0).jpg 1 0 0 632 697
p/20211017_153652.jpg 1 0 0 651 706
p/20211017_153651.jpg 1 0 0 692 867
p/20211017_153651(0).jpg 1 0 0 769 914
p/20211017_153650.jpg 1 0 0 637 812
p/20211017_153644.jpg 1 0 0 665 779
p/20211017_153644(0).jpg 1 0 0 663 829
p/20211017_153643.jpg 1 0 0 684 746
p/20211017_153643(0).jpg 1 0 0 597 807
p/20211017_153642.jpg 1 0 0 722 783
p/20211017_153642(1).jpg 1 0 0 640 731
p/20211017_153642(0).jpg 1 0 0 623 746
p/20211017_153640.jpg 1 0 0 650 839
p/20211017_153641.jpg 1 0 0 671 829
p/20211017_153640(0).jpg 1 0 0 681 804
p/20211017_153639.jpg 1 0 0 690 839
p/20211017_153638.jpg 1 0 0 767 897
p/20211017_153638(0).jpg 1 0 0 715 891
p/20211017_153637.jpg 1 0 0 739 904
p/20211017_153634.jpg 1 0 0 714 771
p/20211017_153633.jpg 1 0 0 776 733
p/20211017_153633(0).jpg 1 0 0 760 1035
p/20211017_153632.jpg 1 0 0 756 990
p/20211017_153631.jpg 1 0 0 827 758
p/20211017_153631(1).jpg 1 0 0 824 813
p/20211017_153631(0).jpg 1 0 0 836 793
p/20211017_153630.jpg 1 0 0 829 896
p/20211017_153629.jpg 1 0 0 762 800
p/20211017_153629(0).jpg 1 0 0 755 835
p/20211017_153628.jpg 1 0 0 769 745
p/20211017_153627.jpg 1 0 0 803 749
p/20211017_153627(0).jpg 1 0 0 772 677
p/20211017_153626.jpg 1 0 0 760 846
p/20211017_153625.jpg 1 0 0 782 958
p/20211017_153625(0).jpg 1 0 0 789 863
p/20211017_153624.jpg 1 0 0 858 930
p/20211017_153624(0).jpg 1 0 0 822 885
p/20211017_153623.jpg 1 0 0 832 870
p/20211017_153622.jpg 1 0 0 835 957
p/20211017_153621.jpg 1 0 0 930 940
p/20211017_153620.jpg 1 0 0 609 780
p/20211017_153619.jpg 1 0 0 613 742
p/20211017_153618.jpg 1 0 0 646 894
p/20211017_153617.jpg 1 0 0 627 848
p/20211017_153616.jpg 1 0 0 590 690
p/20211017_153615.jpg 1 0 0 463 708
p/20211017_153615(0).jpg 1 0 0 482 653
p/20211017_153614.jpg 1 0 0 484 710
p/20211017_153613.jpg 1 0 0 465 651
p/20211017_153607.jpg 1 0 0 698 941
p/20211017_153606.jpg 1 0 0 883 1140
p/20211017_153605.jpg 1 0 0 738 690
p/20211017_153604.jpg 1 0 0 778 910
p/20211017_153603.jpg 1 0 0 958 825
p/20211017_153602.jpg 1 0 0 791 858
p/20211017_153557.jpg 1 0 0 946 854
p/20211017_153556.jpg 1 0 0 876 885
p/20211017_153554.jpg 1 0 0 994 1007
p/20211017_153552.jpg 1 0 0 1071 855
p/20211017_153551.jpg 1 0 0 1021 924
p/20211017_153550.jpg 1 0 0 1032 947
p/20211017_153549.jpg 1 0 0 978 935
p/20211017_153549(0).jpg 1 0 0 969 992
p/20211017_153543.jpg 1 0 0 1592 1463
p/20211017_153542.jpg 1 0 0 1816 1619
p/20211017_153541.jpg 1 0 0 1774 1646
p/20211017_153541(0).jpg 1 0 0 1813 1489
p/20211017_153540.jpg 1 0 0 2006 1448
p/20211017_153539.jpg 1 0 0 2143 1503
p/20211017_153538.jpg 1 0 0 2117 1860
p/20211017_153537.jpg 1 0 0 1997 1634
p/20211017_153537(0).jpg 1 0 0 1993 1602
p/20211017_153536.jpg 1 0 0 1786 1675
p/20211017_153535.jpg 1 0 0 1632 1729
p/20211017_153535(0).jpg 1 0 0 1751 1548
p/20211017_153534.jpg 1 0 0 1746 1627
p/20211017_153529.jpg 1 0 0 956 1434
p/20211017_153529(0).jpg 1 0 0 1030 1276
p/20211017_153528.jpg 1 0 0 969 1294
p/20211017_153528(0).jpg 1 0 0 942 1284
p/20211017_153527.jpg 1 0 0 1128 1405
p/20211017_153527(0).jpg 1 0 0 1022 1281
p/20211017_153526.jpg 1 0 0 1533 1689
p/20211017_153526(1).jpg 1 0 0 1301 1603
p/20211017_153526(0).jpg 1 0 0 1284 1532
p/20211017_153525.jpg 1 0 0 1570 1635
p/20211017_153525(0).jpg 1 0 0 1387 1388
p/20211017_153524.jpg 1 0 0 1656 1508
p/20211017_153522.jpg 1 0 0 1686 1421
p/20211017_153521.jpg 1 0 0 1744 1407
p/20211017_153521(0).jpg 1 0 0 1740 1435
p/20211017_153520.jpg 1 0 0 1830 1527
p/20211017_153519.jpg 1 0 0 1621 1269
p/20211017_153518.jpg 1 0 0 1496 1228
p/20211017_153517.jpg 1 0 0 1503 1170
p/20211017_153516.jpg 1 0 0 1395 1159
p/20211017_153515.jpg 1 0 0 1487 1486
p/20211017_153514.jpg 1 0 0 1477 1477
p/20211017_153511.jpg 1 0 0 1617 1617
p/20211017_153505.jpg 1 0 0 1328 1329
p/20211017_153504.jpg 1 0 0 1416 1416
p/20211017_153503.jpg 1 0 0 1190 1189
p/20211017_153501.jpg 1 0 0 1616 1616
p/20211017_153501(0).jpg 1 0 0 1364 1743
p/20211017_153500.jpg 1 0 0 1648 1434
p/20211017_153459.jpg 1 0 0 1507 1349
p/20211017_153458.jpg 1 0 0 1558 1558
p/20211017_153458(0).jpg 1 0 0 1886 1885
p/20211017_153456.jpg 1 0 0 1982 1982
p/20211017_153455.jpg 1 0 0 1577 1576
p/20211017_153454.jpg 1 0 0 1479 1707
p/20211017_153452.jpg 1 0 0 1411 1698
p/20211017_153452(0).jpg 1 0 0 1766 1766
p/20211017_153451.jpg 1 0 0 1502 1724
p/20211017_153450.jpg 1 0 0 1415 1583
p/20211017_153448.jpg 1 0 0 1274 1753
p/20211017_153446.jpg 1 0 0 1228 1422
p/20211017_153445.jpg 1 0 0 1089 1018
p/20211017_142555.jpg 1 0 0 506 634
p/20211017_142554.jpg 1 0 0 714 625
p/20211017_142550.jpg 1 0 0 749 608
p/20211017_142549.jpg 1 0 0 698 767
p/20211017_142549(0).jpg 1 0 0 815 683
p/20211017_142547.jpg 1 0 0 531 581
p/20211017_142547(0).jpg 1 0 0 510 603
p/20211017_142546.jpg 1 0 0 600 774
p/20211017_142545.jpg 1 0 0 574 687
p/20211017_142542.jpg 1 0 0 671 440
p/20211017_142541.jpg 1 0 0 570 445
p/20211017_142540.jpg 1 0 0 630 609
p/20211017_142539.jpg 1 0 0 486 491
p/20211017_142527.jpg 1 0 0 562 617
p/20211017_142505.jpg 1 0 0 575 694
p/20211017_142502.jpg 1 0 0 543 655
p/20211017_142501.jpg 1 0 0 541 601
p/20211017_142500.jpg 1 0 0 510 570
p/20211017_142500(0).jpg 1 0 0 507 511
p/20211017_142459.jpg 1 0 0 551 540
p/20211017_142458.jpg 1 0 0 494 548
p/20211017_142458(0).jpg 1 0 0 565 581
p/20211017_142457.jpg 1 0 0 583 604
p/20211017_142457(0).jpg 1 0 0 582 480
p/20211017_142456.jpg 1 0 0 569 528
p/20211017_142456(0).jpg 1 0 0 602 488
p/20211017_142454.jpg 1 0 0 581 574
p/20211017_142454(0).jpg 1 0 0 546 616
p/20211017_142453.jpg 1 0 0 581 479
p/20211017_142453(0).jpg 1 0 0 696 752
p/20211017_142451.jpg 1 0 0 632 647
p/20211017_142450.jpg 1 0 0 582 554
p/20211017_142449.jpg 1 0 0 667 655
p/20211017_142448.jpg 1 0 0 655 704
p/20211017_142446.jpg 1 0 0 693 612
p/20211017_142419.jpg 1 0 0 618 542
p/20211017_142418.jpg 1 0 0 592 603
p/20211017_142417.jpg 1 0 0 550 593
p/20211017_142415.jpg 1 0 0 564 584
p/20211017_142414.jpg 1 0 0 682 764
p/20211017_142414(0).jpg 1 0 0 526 545
p/20211017_142412.jpg 1 0 0 479 590
p/20211017_142410.jpg 1 0 0 477 576
p/20211017_142408.jpg 1 0 0 445 490
p/20211017_142407.jpg 1 0 0 695 645
p/20211017_142406.jpg 1 0 0 562 540
p/20211017_142403.jpg 1 0 0 526 588
p/20211017_142400.jpg 1 0 0 522 587
p/20211017_142359.jpg 1 0 0 609 598
p/20211017_142358.jpg 1 0 0 798 747
p/20211017_142342.jpg 1 0 0 949 904
p/20211017_142342(0).jpg 1 0 0 862 918
p/20211017_142341.jpg 1 0 0 712 484
p/20211017_142340.jpg 1 0 0 771 696
p/20211017_142340(0).jpg 1 0 0 769 744
p/20211017_142339.jpg 1 0 0 685 656
p/20211017_142339(0).jpg 1 0 0 849 884
p/20211017_142338.jpg 1 0 0 740 702
p/20211017_142338(0).jpg 1 0 0 788 794
p/20211017_142336.jpg 1 0 0 807 848
p/20211017_142336(0).jpg 1 0 0 986 930
p/20211017_142335.jpg 1 0 0 883 801
p/20211017_142335(0).jpg 1 0 0 819 819
p/20211017_142334.jpg 1 0 0 995 995
p/20211017_142333.jpg 1 0 0 773 698
p/20211017_142333(0).jpg 1 0 0 957 871
p/20211017_142332.jpg 1 0 0 949 782
p/20211017_142331.jpg 1 0 0 711 755
p/20211017_142330.jpg 1 0 0 747 788
p/20211017_142330(0).jpg 1 0 0 775 762
p/20211017_142329.jpg 1 0 0 769 780
p/20211017_142329(0).jpg 1 0 0 711 644
p/20211017_142328.jpg 1 0 0 646 671
p/20211017_142327.jpg 1 0 0 823 764
p/20211017_142314.jpg 1 0 0 779 750
p/20211017_142313.jpg 1 0 0 693 652
p/20211017_142310.jpg 1 0 0 669 807
p/20211017_142309.jpg 1 0 0 846 871
p/20211017_142308.jpg 1 0 0 831 793
p/20211017_142307.jpg 1 0 0 785 851
p/20211017_142231.jpg 1 0 0 615 627
p/20211017_142230.jpg 1 0 0 948 868
p/20211017_142230(0).jpg 1 0 0 900 915
p/20211017_142228.jpg 1 0 0 802 777
p/20211017_142226.jpg 1 0 0 839 827
p/20211017_142226(0).jpg 1 0 0 1013 913
p/20211017_142213.jpg 1 0 0 942 848
p/20211017_142212.jpg 1 0 0 818 713
p/20211017_142208.jpg 1 0 0 929 861
p/20211017_142207.jpg 1 0 0 960 904
p/20211017_142207(0).jpg 1 0 0 829 833
p/20211017_142206.jpg 1 0 0 780 742
p/20211017_142206(0).jpg 1 0 0 1130 1103
p/20211017_142205.jpg 1 0 0 1047 949
p/20211017_142205(0).jpg 1 0 0 973 895
p/20211017_142204.jpg 1 0 0 1105 1071
p/20211017_142204(1).jpg 1 0 0 1139 1068
p/20211017_142204(0).jpg 1 0 0 1044 944
p/20211017_142203.jpg 1 0 0 1122 1015
p/20211017_142203(0).jpg 1 0 0 953 1005
p/20211017_142202.jpg 1 0 0 1087 1142
p/20211017_142202(0).jpg 1 0 0 985 1037
p/20211017_142201.jpg 1 0 0 981 1111
p/20211017_142201(0).jpg 1 0 0 1148 1205
p/20211017_142159.jpg 1 0 0 1364 1492
p/20211017_142159(0).jpg 1 0 0 1279 1414
p/20211017_142158.jpg 1 0 0 761 843
p/20211017_142145.jpg 1 0 0 958 817
p/20211017_142144.jpg 1 0 0 660 660
p/20211017_142144(0).jpg 1 0 0 973 935
p/20211017_142143.jpg 1 0 0 1117 1057
p/20211017_142143(1).jpg 1 0 0 1083 1014
p/20211017_142143(0).jpg 1 0 0 1076 1027
p/20211017_142142.jpg 1 0 0 1198 1206
p/20211017_142142(1).jpg 1 0 0 724 688
p/20211017_142142(0).jpg 1 0 0 979 972
p/20211017_142141.jpg 1 0 0 990 930
p/20211017_142141(1).jpg 1 0 0 869 989
p/20211017_142141(0).jpg 1 0 0 1085 1034
p/20211017_142140.jpg 1 0 0 956 885
p/20211017_142140(0).jpg 1 0 0 840 797
p/20211017_142137.jpg 1 0 0 1292 1280
p/20211017_142137(0).jpg 1 0 0 864 939
p/20211017_142136.jpg 1 0 0 657 674
p/20211017_142136(1).jpg 1 0 0 747 696
p/20211017_142136(0).jpg 1 0 0 831 818
p/20211017_142135.jpg 1 0 0 695 751
p/20211017_142134.jpg 1 0 0 785 782
p/20211017_142134(0).jpg 1 0 0 864 606
p/20211017_142133.jpg 1 0 0 932 844
p/20211017_142133(0).jpg 1 0 0 986 896
p/20211017_142127.jpg 1 0 0 1079 999
p/20211017_142126.jpg 1 0 0 979 501
p/20211017_142126(0).jpg 1 0 0 932 522
p/20211017_142125.jpg 1 0 0 832 508
p/20211017_142123.jpg 1 0 0 919 526
p/20211017_142123(0).jpg 1 0 0 914 437
p/20211017_142122.jpg 1 0 0 843 597
p/20211017_142122(0).jpg 1 0 0 888 423
p/20211017_142121.jpg 1 0 0 996 503
p/20211017_142121(0).jpg 1 0 0 879 524
p/20211017_142119.jpg 1 0 0 986 677
p/20211017_142119(0).jpg 1 0 0 1009 580
p/20211017_142118.jpg 1 0 0 1048 750
p/20211017_142118(0).jpg 1 0 0 1013 723
p/20211017_142117.jpg 1 0 0 1139 779
p/20211017_142116.jpg 1 0 0 1244 693
p/20211017_142115.jpg 1 0 0 1249 1034
p/20211017_142114.jpg 1 0 0 1389 979
p/20211017_142113.jpg 1 0 0 1551 818
p/20211017_142113(0).jpg 1 0 0 1440 810
p/20211017_142112.jpg 1 0 0 1465 1056
p/20211017_142103.jpg 1 0 0 2102 1213
p/20211017_142058.jpg 1 0 0 2126 1111
p/20211017_142056.jpg 1 0 0 1977 939
p/20211017_142046.jpg 1 0 0 1129 893
p/20211017_142043.jpg 1 0 0 1212 787
p/20211017_142039.jpg 1 0 0 977 669
p/20211017_142037.jpg 1 0 0 1141 957
p/20211017_142033.jpg 1 0 0 1083 777
p/20211017_142031.jpg 1 0 0 1317 831
p/20211017_142027.jpg 1 0 0 991 926
p/20211017_142026.jpg 1 0 0 1115 782
p/20211017_142024.jpg 1 0 0 1091 689
p/20211017_142022.jpg 1 0 0 1064 694
p/20211017_142021.jpg 1 0 0 1044 722
p/20211017_142015.jpg 1 0 0 867 539
p/20211017_142014.jpg 1 0 0 1115 542
p/20211017_142013.jpg 1 0 0 937 663
p/20211017_142008.jpg 1 0 0 1041 497
p/20211017_142007.jpg 1 0 0 1075 621
p/20211017_142004.jpg 1 0 0 1141 843
p/20211017_142003.jpg 1 0 0 1214 869
p/20211017_141956.jpg 1 0 0 1241 906
p/20211017_141956(0).jpg 1 0 0 1400 993
p/20211017_141945.jpg 1 0 0 1539 749
p/20211017_141945(0).jpg 1 0 0 1297 800
p/20211017_141942.jpg 1 0 0 1360 1099
p/20211017_141941.jpg 1 0 0 1293 906
p/20211017_141941(0).jpg 1 0 0 1623 1013
p/20211017_141940.jpg 1 0 0 1492 853
p/20211017_141940(0).jpg 1 0 0 1537 944
p/20211017_135720.jpg 1 0 0 1464 1573
p/1580429932.63.jpg 1 0 0 25 37
p/1580429932.10.jpg 1 0 0 50 33
p/1580429931.57.jpg 1 0 0 53 35
p/1580429931.07.jpg 1 0 0 49 39
p/1580429930.54.jpg 1 0 0 42 33
p/1580429930.04.jpg 1 0 0 39 37
p/1580429929.51.jpg 1 0 0 36 36
p/1580429928.98.jpg 1 0 0 37 39
p/1580429928.45.jpg 1 0 0 33 31
p/1580429927.92.jpg 1 0 0 38 37
p/1580429927.41.jpg 1 0 0 42 42
p/1580429926.89.jpg 1 0 0 32 46
p/1580429926.38.jpg 1 0 0 42 36
p/1580429925.85.jpg 1 0 0 38 37
p/1580429925.32.jpg 1 0 0 37 39
p/1580429924.79.jpg 1 0 0 43 37
p/1580429924.26.jpg 1 0 0 45 45
p/1580429923.73.jpg 1 0 0 45 41
p/1580429923.19.jpg 1 0 0 42 40
p/1580429922.66.jpg 1 0 0 42 39
p/1580429922.13.jpg 1 0 0 36 33
p/1580429921.60.jpg 1 0 0 41 38
p/1580429850.26.jpg 1 0 0 42 38
p/1580429849.76.jpg 1 0 0 41 39
p/1580429849.23.jpg 1 0 0 35 39
p/1580429848.70.jpg 1 0 0 37 40
p/1580429848.17.jpg 1 0 0 40 36
p/1580429847.64.jpg 1 0 0 39 38
p/1580429847.14.jpg 1 0 0 41 38
p/1580429846.63.jpg 1 0 0 37 35
p/1580429846.10.jpg 1 0 0 37 40
p/1580429845.58.jpg 1 0 0 36 39
p/1580429699.12.jpg 1 0 0 50 49
p/1580429698.62.jpg 1 0 0 43 45
p/1580429698.09.jpg 1 0 0 41 43
p/1580429697.59.jpg 1 0 0 42 47
p/1580429697.06.jpg 1 0 0 45 53
p/1580429696.56.jpg 1 0 0 46 46
p/1580429696.03.jpg 1 0 0 44 48
p/1580429695.52.jpg 1 0 0 41 48
p/1580429695.00.jpg 1 0 0 53 50
p/20211017_142200.jpg 1 0 0 3456 3456